SCIP version 10.0.0 [precision: 8 byte] [memory: block] [mode: optimized] [LP solver: SoPlex 8.0.0] [GitHash: 0c80fdd8e9]
Copyright (c) 2002-2025 Zuse Institute Berlin (ZIB)

External libraries: 
  SoPlex 8.0.0         Linear programming solver developed at Zuse Institute Berlin (soplex.zib.de) [GitHash: 2207cfb2]
  CppAD 20180000.0     Algorithmic Differentiation of C++ algorithms developed by B. Bell (github.com/coin-or/CppAD)
  ZLIB 1.2.11          General purpose compression library by J. Gailly and M. Adler (zlib.net)
  MPFR 3.1.6-p2        GNU Multiple Precision Floating-Point Reliable Library (mpfr.org)
  Boost 1.89.0         Boost C++ Libraries (boost.org)
  TinyCThread 1.2      small portable implementation of the C11 threads API (tinycthread.github.io)
  GMP 6.1.2            GNU Multiple Precision Arithmetic Library developed by T. Granlund (gmplib.org)
  ZIMPL 3.7.0          Zuse Institute Mathematical Programming Language developed by T. Koch (zimpl.zib.de)
  AMPL/MP 4.0.3        AMPL .nl file reader library (github.com/ampl/mp)
  PaPILO 3.0.0         parallel presolve for integer and linear optimization (github.com/scipopt/papilo) (built with TBB) [GitHash: 4cbdc327]
  Nauty 2.8.8          Computing Graph Automorphism Groups by Brendan D. McKay (users.cecs.anu.edu.au/~bdm/nauty)
  sassy 2.0            Symmetry preprocessor by Markus Anders (github.com/markusa4/sassy)
  Ipopt 3.14.19        Interior Point Optimizer developed by A. Waechter et.al. (github.com/coin-or/Ipopt)

reading user parameter file <neos-scip.set>

read problem <scip.lp>
============

original problem has 100 variables (0 bin, 100 int, 0 cont) and 20 constraints

solve problem
=============

feasible solution found by trivial heuristic after 0.0 seconds, objective value 0.000000e+00
presolving:
(round 1, fast)       0 del vars, 0 del conss, 0 add conss, 113 chg bounds, 0 chg sides, 0 chg coeffs, 0 upgd conss, 0 impls, 0 clqs, 0 implints
   (0.0s) running MILP presolver
   (0.0s) MILP presolver (2 rounds): 0 aggregations, 0 fixings, 1 bound changes
(round 2, medium)     0 del vars, 0 del conss, 0 add conss, 114 chg bounds, 0 chg sides, 0 chg coeffs, 0 upgd conss, 0 impls, 0 clqs, 0 implints
   (0.0s) symmetry computation started: requiring (bin +, int +, cont +), (fixed: bin -, int -, cont -)
   (0.0s) no symmetry present (symcode time: 0.00)
presolving (3 rounds: 3 fast, 2 medium, 1 exhaustive):
 0 deleted vars, 0 deleted constraints, 0 added constraints, 114 tightened bounds, 0 added holes, 0 changed sides, 0 changed coefficients
 0 implications, 0 cliques, 0 implied integral variables (0 bin, 0 int, 0 cont)
presolved problem has 100 variables (0 bin, 100 int, 0 cont) and 20 constraints
     20 constraints of type <linear>
transformed objective value is always integral (scale: 1)
Presolving Time: 0.00
transformed 1/1 original solutions to the transformed problem space

 time | node  | left  |LP iter|LP it/n|mem/heur|mdpt |vars |cons |rows |cuts |sepa|confs|strbr|  dualbound   | primalbound  |  gap   | compl. 
i 0.0s|     1 |     0 |     0 |     - |  oneopt|   0 | 100 |  20 |  20 |   0 |  0 |   0 |   0 | 5.873540e+05 | 8.924900e+04 | 558.11%| unknown
  0.0s|     1 |     0 |    80 |     - |  1946k |   0 | 100 |  20 |  20 |   0 |  0 |   0 |   0 | 8.986541e+04 | 8.924900e+04 |   0.69%| unknown
r 0.0s|     1 |     0 |    80 |     - |simplero|   0 | 100 |  20 |  20 |   0 |  0 |   0 |   0 | 8.986541e+04 | 8.981600e+04 |   0.06%| unknown
i 0.0s|     1 |     0 |    80 |     - |  oneopt|   0 | 100 |  20 |  20 |   0 |  0 |   0 |   0 | 8.986541e+04 | 8.983500e+04 |   0.03%| unknown
  0.0s|     1 |     0 |    80 |     - |  1989k |   0 | 100 |  20 |  20 |   0 |  0 |   0 |   0 | 8.986541e+04 | 8.983500e+04 |   0.03%| unknown
  0.0s|     1 |     0 |    80 |     - |  1989k |   0 | 100 |  20 |  19 |   0 |  0 |   0 |   0 | 8.986541e+04 | 8.983500e+04 |   0.03%| unknown
  0.0s|     1 |     0 |    83 |     - |  2094k |   0 | 100 |  20 |  22 |   3 |  1 |   0 |   0 | 8.985486e+04 | 8.983500e+04 |   0.02%| unknown
  0.0s|     1 |     0 |    83 |     - |  2116k |   0 | 100 |  20 |  22 |   3 |  1 |   0 |   0 | 8.985486e+04 | 8.983500e+04 |   0.02%| unknown
  0.0s|     1 |     0 |    84 |     - |  2177k |   0 | 100 |  20 |  24 |   5 |  2 |   0 |   0 | 8.985100e+04 | 8.983500e+04 |   0.02%| unknown
  0.0s|     1 |     0 |    84 |     - |  2177k |   0 | 100 |  20 |  24 |   5 |  2 |   0 |   0 | 8.985100e+04 | 8.983500e+04 |   0.02%| unknown
  0.0s|     1 |     0 |    86 |     - |  2212k |   0 | 100 |  20 |  26 |   7 |  3 |   0 |   0 | 8.984944e+04 | 8.983500e+04 |   0.02%| unknown
r 0.0s|     1 |     0 |    86 |     - |rounding|   0 | 100 |  20 |  26 |   7 |  3 |   0 |   0 | 8.984944e+04 | 8.984400e+04 |   0.01%| unknown
  0.0s|     1 |     0 |    86 |     - |  2221k |   0 | 100 |  20 |  26 |   7 |  3 |   0 |   0 | 8.984944e+04 | 8.984400e+04 |   0.01%| unknown
  0.0s|     1 |     0 |    86 |     - |  2235k |   0 | 100 |  20 |  26 |   7 |  3 |   0 |   0 | 8.984944e+04 | 8.984400e+04 |   0.01%| unknown
  0.0s|     1 |     0 |    87 |     - |  2398k |   0 | 100 |  20 |  27 |   8 |  4 |   0 |   0 | 8.984938e+04 | 8.984400e+04 |   0.01%| unknown
 time | node  | left  |LP iter|LP it/n|mem/heur|mdpt |vars |cons |rows |cuts |sepa|confs|strbr|  dualbound   | primalbound  |  gap   | compl. 
  0.0s|     1 |     0 |    87 |     - |  2398k |   0 | 100 |  20 |  27 |   8 |  4 |   0 |   0 | 8.984938e+04 | 8.984400e+04 |   0.01%| unknown
  0.0s|     1 |     0 |    89 |     - |  2533k |   0 | 100 |  20 |  28 |   9 |  5 |   0 |   0 | 8.984891e+04 | 8.984400e+04 |   0.01%| unknown
  0.0s|     1 |     0 |    89 |     - |  2533k |   0 | 100 |  20 |  28 |   9 |  5 |   0 |   0 | 8.984891e+04 | 8.984400e+04 |   0.01%| unknown
  0.0s|     1 |     0 |    96 |     - |  2727k |   0 | 100 |  20 |  31 |  12 |  6 |   0 |   0 | 8.984850e+04 | 8.984400e+04 |   0.01%| unknown
  0.0s|     1 |     0 |    96 |     - |  2728k |   0 | 100 |  20 |  31 |  12 |  6 |   0 |   0 | 8.984850e+04 | 8.984400e+04 |   0.01%| unknown
  0.0s|     1 |     0 |    99 |     - |  2790k |   0 | 100 |  20 |  32 |  13 |  7 |   0 |   0 | 8.984831e+04 | 8.984400e+04 |   0.00%| unknown
  0.0s|     1 |     0 |   100 |     - |  3030k |   0 | 100 |  20 |  33 |  14 |  8 |   0 |   0 | 8.984827e+04 | 8.984400e+04 |   0.00%| unknown
  0.0s|     1 |     0 |   102 |     - |  3092k |   0 | 100 |  20 |  34 |  15 |  9 |   0 |   0 | 8.984820e+04 | 8.984400e+04 |   0.00%| unknown
  0.0s|     1 |     0 |   102 |     - |  3093k |   0 | 100 |  20 |  34 |  15 |  9 |   0 |   0 | 8.984820e+04 | 8.984400e+04 |   0.00%| unknown
  0.0s|     1 |     0 |   104 |     - |  3151k |   0 | 100 |  20 |  35 |  16 | 10 |   0 |   0 | 8.984820e+04 | 8.984400e+04 |   0.00%| unknown
  0.0s|     1 |     0 |   107 |     - |  3156k |   0 | 100 |  20 |  37 |  18 | 11 |   0 |   0 | 8.984816e+04 | 8.984400e+04 |   0.00%| unknown
  0.0s|     1 |     0 |   107 |     - |  3161k |   0 | 100 |  16 |  37 |  18 | 12 |   0 |   0 | 8.984816e+04 | 8.984400e+04 |   0.00%| unknown
(run 1, node 1) restarting after 58 global fixings of integer variables

(restart) converted 18 cuts from the global cut pool into linear constraints

presolving:
(round 1, fast)       74 del vars, 1 del conss, 0 add conss, 0 chg bounds, 4 chg sides, 6 chg coeffs, 0 upgd conss, 1 impls, 1 clqs, 0 implints
(round 2, fast)       74 del vars, 1 del conss, 0 add conss, 1 chg bounds, 4 chg sides, 6 chg coeffs, 0 upgd conss, 1 impls, 1 clqs, 0 implints
   (0.0s) running MILP presolver
   (0.0s) MILP presolver (3 rounds): 0 aggregations, 2 fixings, 1 bound changes
(round 3, medium)     76 del vars, 1 del conss, 0 add conss, 2 chg bounds, 4 chg sides, 6 chg coeffs, 0 upgd conss, 1 impls, 1 clqs, 0 implints
(round 4, fast)       76 del vars, 2 del conss, 0 add conss, 2 chg bounds, 4 chg sides, 6 chg coeffs, 0 upgd conss, 1 impls, 1 clqs, 0 implints
(round 5, exhaustive) 77 del vars, 2 del conss, 0 add conss, 2 chg bounds, 4 chg sides, 6 chg coeffs, 0 upgd conss, 1 impls, 1 clqs, 0 implints
(round 6, fast)       77 del vars, 2 del conss, 0 add conss, 3 chg bounds, 4 chg sides, 6 chg coeffs, 0 upgd conss, 1 impls, 1 clqs, 0 implints
presolving (7 rounds: 7 fast, 3 medium, 2 exhaustive):
 77 deleted vars, 2 deleted constraints, 0 added constraints, 3 tightened bounds, 0 added holes, 4 changed sides, 6 changed coefficients
 1 implications, 1 cliques, 0 implied integral variables (0 bin, 0 int, 0 cont)
presolved problem has 38 variables (13 bin, 25 int, 0 cont) and 35 constraints
     32 constraints of type <linear>
      3 constraints of type <bounddisjunction>
transformed objective value is always integral (scale: 1)
Presolving Time: 0.00
transformed 29/32 original solutions to the transformed problem space

 time | node  | left  |LP iter|LP it/n|mem/heur|mdpt |vars |cons |rows |cuts |sepa|confs|strbr|  dualbound   | primalbound  |  gap   | compl. 
  0.0s|     1 |     0 |   181 |     - |  3425k |   0 |  38 |  35 |  32 |   0 |  0 |   6 |   0 | 8.984816e+04 | 8.984400e+04 |   0.00%| unknown
  0.0s|     1 |     0 |   181 |     - |  3425k |   0 |  38 |  35 |  32 |   0 |  0 |   6 |   0 | 8.984816e+04 | 8.984400e+04 |   0.00%| unknown
  0.0s|     1 |     0 |   183 |     - |  3429k |   0 |  38 |  35 |  33 |   1 |  1 |   6 |   0 | 8.984810e+04 | 8.984400e+04 |   0.00%| unknown
  0.0s|     1 |     0 |   186 |     - |  3446k |   0 |  38 |  35 |  34 |   2 |  2 |   6 |   0 | 8.984808e+04 | 8.984400e+04 |   0.00%| unknown
  0.0s|     1 |     0 |   187 |     - |  3446k |   0 |  38 |  35 |  35 |   3 |  3 |   6 |   0 | 8.984807e+04 | 8.984400e+04 |   0.00%| unknown
  0.0s|     1 |     0 |   189 |     - |  3446k |   0 |  38 |  35 |  36 |   4 |  4 |   6 |   0 | 8.984805e+04 | 8.984400e+04 |   0.00%| unknown
  0.1s|     1 |     0 |   190 |     - |  3449k |   0 |  38 |  35 |  37 |   5 |  5 |   6 |   0 | 8.984800e+04 | 8.984400e+04 |   0.00%| unknown
  0.1s|     1 |     0 |   192 |     - |  3482k |   0 |  38 |  35 |  38 |   6 |  6 |   6 |   0 | 8.984800e+04 | 8.984400e+04 |   0.00%| unknown
  0.1s|     1 |     0 |   193 |     - |  3485k |   0 |  38 |  35 |  39 |   7 |  7 |   6 |   0 | 8.984799e+04 | 8.984400e+04 |   0.00%| unknown
  0.1s|     1 |     0 |   196 |     - |  3490k |   0 |  38 |  35 |  40 |   8 |  8 |   6 |   0 | 8.984793e+04 | 8.984400e+04 |   0.00%| unknown
  0.1s|     1 |     0 |   204 |     - |  3494k |   0 |  38 |  35 |  41 |   9 |  9 |   6 |   0 | 8.984783e+04 | 8.984400e+04 |   0.00%| unknown
  0.1s|     1 |     0 |   206 |     - |  3626k |   0 |  38 |  35 |  36 |  10 | 10 |   6 |   0 | 8.984782e+04 | 8.984400e+04 |   0.00%| unknown
  0.1s|     1 |     0 |   210 |     - |  3626k |   0 |  38 |  35 |  37 |  11 | 11 |   6 |   0 | 8.984777e+04 | 8.984400e+04 |   0.00%| unknown
  0.1s|     1 |     0 |   210 |     - |  3626k |   0 |  38 |  34 |  37 |  11 | 11 |   6 |   0 | 8.984777e+04 | 8.984400e+04 |   0.00%| unknown
  0.1s|     1 |     0 |   212 |     - |  3626k |   0 |  38 |  34 |  38 |  12 | 12 |   6 |   0 | 8.984777e+04 | 8.984400e+04 |   0.00%| unknown
 time | node  | left  |LP iter|LP it/n|mem/heur|mdpt |vars |cons |rows |cuts |sepa|confs|strbr|  dualbound   | primalbound  |  gap   | compl. 
  0.1s|     1 |     0 |   213 |     - |  3626k |   0 |  38 |  34 |  39 |  13 | 13 |   6 |   0 | 8.984777e+04 | 8.984400e+04 |   0.00%| unknown
(run 2, node 1) restarting after 3 global fixings of integer variables

(restart) converted 13 cuts from the global cut pool into linear constraints

presolving:
(round 1, fast)       3 del vars, 0 del conss, 0 add conss, 0 chg bounds, 0 chg sides, 0 chg coeffs, 0 upgd conss, 1 impls, 1 clqs, 0 implints
(round 2, exhaustive) 3 del vars, 0 del conss, 0 add conss, 0 chg bounds, 0 chg sides, 0 chg coeffs, 1 upgd conss, 1 impls, 1 clqs, 0 implints
(round 3, fast)       3 del vars, 0 del conss, 0 add conss, 1 chg bounds, 0 chg sides, 0 chg coeffs, 1 upgd conss, 1 impls, 1 clqs, 0 implints
presolving (4 rounds: 4 fast, 2 medium, 2 exhaustive):
 3 deleted vars, 0 deleted constraints, 0 added constraints, 1 tightened bounds, 0 added holes, 0 changed sides, 0 changed coefficients
 1 implications, 1 cliques, 0 implied integral variables (0 bin, 0 int, 0 cont)
presolved problem has 35 variables (11 bin, 24 int, 0 cont) and 52 constraints
      1 constraints of type <varbound>
     43 constraints of type <linear>
      8 constraints of type <bounddisjunction>
transformed objective value is always integral (scale: 1)
Presolving Time: 0.01
transformed 57/61 original solutions to the transformed problem space

 time | node  | left  |LP iter|LP it/n|mem/heur|mdpt |vars |cons |rows |cuts |sepa|confs|strbr|  dualbound   | primalbound  |  gap   | compl. 
  0.1s|     1 |     0 |   321 |     - |  3829k |   0 |  35 |  52 |  44 |   0 |  0 |  13 |   0 | 8.984777e+04 | 8.984400e+04 |   0.00%| unknown
  0.1s|     1 |     0 |   321 |     - |  3833k |   0 |  35 |  52 |  44 |   0 |  0 |  13 |   0 | 8.984777e+04 | 8.984400e+04 |   0.00%| unknown
  0.1s|     1 |     0 |   324 |     - |  3839k |   0 |  35 |  52 |  45 |   1 |  1 |  13 |   0 | 8.984772e+04 | 8.984400e+04 |   0.00%| unknown
  0.1s|     1 |     0 |   326 |     - |  3845k |   0 |  35 |  52 |  46 |   2 |  2 |  13 |   0 | 8.984769e+04 | 8.984400e+04 |   0.00%| unknown
  0.1s|     1 |     0 |   329 |     - |  3851k |   0 |  35 |  52 |  47 |   3 |  3 |  13 |   0 | 8.984766e+04 | 8.984400e+04 |   0.00%| unknown
  0.1s|     1 |     0 |   332 |     - |  3856k |   0 |  35 |  52 |  48 |   4 |  4 |  13 |   0 | 8.984765e+04 | 8.984400e+04 |   0.00%| unknown
  0.1s|     1 |     0 |   335 |     - |  3862k |   0 |  35 |  52 |  49 |   5 |  5 |  13 |   0 | 8.984764e+04 | 8.984400e+04 |   0.00%| unknown
  0.1s|     1 |     0 |   337 |     - |  3867k |   0 |  35 |  52 |  50 |   6 |  6 |  13 |   0 | 8.984762e+04 | 8.984400e+04 |   0.00%| unknown
  0.1s|     1 |     0 |   343 |     - |  3872k |   0 |  35 |  52 |  51 |   7 |  7 |  13 |   0 | 8.984762e+04 | 8.984400e+04 |   0.00%| unknown
  0.1s|     1 |     0 |   344 |     - |  3877k |   0 |  35 |  52 |  52 |   8 |  8 |  13 |   0 | 8.984762e+04 | 8.984400e+04 |   0.00%| unknown
  0.1s|     1 |     0 |   345 |     - |  3883k |   0 |  35 |  52 |  53 |   9 |  9 |  13 |   0 | 8.984761e+04 | 8.984400e+04 |   0.00%| unknown
  0.1s|     1 |     0 |   350 |     - |  3889k |   0 |  35 |  52 |  54 |  10 | 10 |  13 |   0 | 8.984761e+04 | 8.984400e+04 |   0.00%| unknown
  0.1s|     1 |     0 |   353 |     - |  3896k |   0 |  35 |  52 |  55 |  11 | 11 |  13 |   0 | 8.984761e+04 | 8.984400e+04 |   0.00%| unknown
(run 3, node 1) restarting after 2 global fixings of integer variables

(restart) converted 11 cuts from the global cut pool into linear constraints

presolving:
(round 1, fast)       2 del vars, 0 del conss, 0 add conss, 1 chg bounds, 0 chg sides, 0 chg coeffs, 0 upgd conss, 1 impls, 1 clqs, 0 implints
   (0.1s) running MILP presolver
   (0.1s) MILP presolver (3 rounds): 0 aggregations, 1 fixings, 1 bound changes
(round 2, medium)     3 del vars, 0 del conss, 0 add conss, 2 chg bounds, 0 chg sides, 0 chg coeffs, 0 upgd conss, 1 impls, 1 clqs, 0 implints
(round 3, fast)       3 del vars, 0 del conss, 0 add conss, 2 chg bounds, 0 chg sides, 1 chg coeffs, 0 upgd conss, 2 impls, 1 clqs, 0 implints
(round 4, exhaustive) 3 del vars, 1 del conss, 0 add conss, 2 chg bounds, 0 chg sides, 1 chg coeffs, 0 upgd conss, 2 impls, 1 clqs, 0 implints
(round 5, exhaustive) 3 del vars, 1 del conss, 0 add conss, 2 chg bounds, 0 chg sides, 1 chg coeffs, 2 upgd conss, 2 impls, 1 clqs, 0 implints
presolving (6 rounds: 6 fast, 4 medium, 3 exhaustive):
 3 deleted vars, 1 deleted constraints, 0 added constraints, 2 tightened bounds, 0 added holes, 0 changed sides, 1 changed coefficients
 2 implications, 1 cliques, 0 implied integral variables (0 bin, 0 int, 0 cont)
presolved problem has 32 variables (10 bin, 22 int, 0 cont) and 68 constraints
      3 constraints of type <varbound>
     51 constraints of type <linear>
     14 constraints of type <bounddisjunction>
transformed objective value is always integral (scale: 1)
Presolving Time: 0.01
transformed 82/87 original solutions to the transformed problem space

 time | node  | left  |LP iter|LP it/n|mem/heur|mdpt |vars |cons |rows |cuts |sepa|confs|strbr|  dualbound   | primalbound  |  gap   | compl. 
  0.1s|     1 |     0 |   470 |     - |  4076k |   0 |  32 |  68 |  54 |   0 |  0 |  25 |   0 | 8.984761e+04 | 8.984400e+04 |   0.00%| unknown
  0.1s|     1 |     0 |   470 |     - |  4076k |   0 |  32 |  68 |  54 |   0 |  0 |  25 |   0 | 8.984761e+04 | 8.984400e+04 |   0.00%| unknown
  0.1s|     1 |     0 |   474 |     - |  4076k |   0 |  32 |  68 |  55 |   1 |  1 |  25 |   0 | 8.984760e+04 | 8.984400e+04 |   0.00%| unknown
  0.1s|     1 |     0 |   476 |     - |  4081k |   0 |  32 |  68 |  56 |   2 |  2 |  25 |   0 | 8.984760e+04 | 8.984400e+04 |   0.00%| unknown
  0.1s|     1 |     0 |   477 |     - |  4087k |   0 |  32 |  68 |  57 |   3 |  3 |  25 |   0 | 8.984760e+04 | 8.984400e+04 |   0.00%| unknown
  0.2s|     1 |     2 |   504 |     - |  4095k |   0 |  32 |  72 |  57 |   3 |  4 |  29 |   9 | 8.984760e+04 | 8.984400e+04 |   0.00%| unknown
(run 4, node 1) restarting after 1 global fixings of integer variables

(restart) converted 3 cuts from the global cut pool into linear constraints

presolving:
(round 1, fast)       1 del vars, 0 del conss, 0 add conss, 0 chg bounds, 0 chg sides, 0 chg coeffs, 0 upgd conss, 2 impls, 1 clqs, 0 implints
presolving (2 rounds: 2 fast, 1 medium, 1 exhaustive):
 1 deleted vars, 0 deleted constraints, 0 added constraints, 0 tightened bounds, 0 added holes, 0 changed sides, 0 changed coefficients
 2 implications, 1 cliques, 0 implied integral variables (0 bin, 0 int, 0 cont)
presolved problem has 31 variables (9 bin, 22 int, 0 cont) and 75 constraints
      3 constraints of type <varbound>
     55 constraints of type <linear>
     17 constraints of type <bounddisjunction>
transformed objective value is always integral (scale: 1)
Presolving Time: 0.01
transformed 100/100 original solutions to the transformed problem space

 time | node  | left  |LP iter|LP it/n|mem/heur|mdpt |vars |cons |rows |cuts |sepa|confs|strbr|  dualbound   | primalbound  |  gap   | compl. 
  0.2s|     1 |     0 |   579 |     - |  4132k |   0 |  31 |  75 |  57 |   0 |  0 |  29 |   9 | 8.984760e+04 | 8.984400e+04 |   0.00%| unknown
  0.2s|     1 |     2 |   612 |     - |  4135k |   0 |  31 |  81 |  57 |   0 |  1 |  39 |  18 | 8.984760e+04 | 8.984400e+04 |   0.00%| unknown
* 0.2s|     4 |     3 |   617 |  26.7 |strongbr|   3 |  31 |  81 |  21 |   0 |  1 |  39 |  32 | 8.984760e+04 | 8.984500e+04 |   0.00%| unknown
* 0.2s|    25 |     0 |   680 |   8.9 |strongbr|   7 |  31 |  93 |  21 |   0 |  4 |  56 |  63 | 8.984725e+04 | 8.984700e+04 |   0.00%|  95.71%

SCIP Status        : problem is solved [optimal solution found]
Solving Time (sec) : 0.19
Solving Nodes      : 25 (total of 29 nodes in 5 runs)
Primal Bound       : +8.98470000000000e+04 (178 solutions)
Dual Bound         : +8.98470000000000e+04
Gap                : 0.00 %

primal solution (original space):
=================================

objective value:                                89847
x_1_6                                1.00000000000014 	(obj:11)
x_1_7                                             160 	(obj:10)
x_2_1                                             480 	(obj:18)
x_2_6                                             120 	(obj:16)
x_4_2                                280.000000000001 	(obj:14)
x_4_7                                             520 	(obj:14)
x_5_2                                             148 	(obj:22)
x_5_4                                             128 	(obj:24)
x_5_6                                             122 	(obj:23)
x_5_8                                1.00000000000004 	(obj:22)
x_5_10                              0.999999999999997 	(obj:24)
x_6_3                                             576 	(obj:10)
x_6_5                                             576 	(obj:10)
x_6_9                                5.99999999999968 	(obj:10)
x_7_9                                             300 	(obj:32)
x_8_6                                             116 	(obj:19)
x_8_8                                             410 	(obj:21)
x_8_9                                             150 	(obj:22)
x_8_10                                             24 	(obj:23)
x_9_4                                             200 	(obj:42)
x_10_10                                           450 	(obj:29)

Statistics
==========

SCIP Status        : problem is solved [optimal solution found]
Total Time         :       0.19
  solving          :       0.19
  presolving       :       0.01 (included in solving)
  reading          :       0.00
  copying          :       0.02 (6 #copies) (minimal 0.00, maximal 0.00, average 0.00)
Original Problem   :
  Problem name     : scip.lp
  Variables        : 100 (0 binary, 100 integer, 0 continuous)
  Implied int vars : 0 (0 binary, 0 integer, 0 continuous)
  Constraints      : 20 initial, 20 maximal
  Objective        : maximize, 100 non-zeros (abs.min = 6, abs.max = 42)
Presolved Problem  :
  Problem name     : t_scip.lp
  Variables        : 31 (9 binary, 22 integer, 0 continuous)
  Implied int vars : 0 (0 binary, 0 integer, 0 continuous)
  Constraints      : 75 initial, 93 maximal
  Objective        : minimize, 31 non-zeros (abs.min = 7, abs.max = 32)
  Nonzeros         : 1294 constraint, 2 clique table
Presolvers         :   ExecTime  SetupTime  Calls  FixedVars   AggrVars   ChgTypes  ChgBounds   AddHoles    DelCons    AddCons   ChgSides   ChgCoefs
  boundshift       :       0.00       0.00      0          0          0          0          0          0          0          0          0          0
  convertinttobin  :       0.00       0.00      0          0          0          0          0          0          0          0          0          0
  domcol           :       0.00       0.00      6          1          0          0          0          0          0          0          0          0
  dualagg          :       0.00       0.00      0          0          0          0          0          0          0          0          0          0
  dualcomp         :       0.00       0.00      0          0          0          0          0          0          0          0          0          0
  dualinfer        :       0.00       0.00      0          0          0          0          0          0          0          0          0          0
  dualsparsify     :       0.00       0.00      1          0          0          0          0          0          0          0          0          0
  gateextraction   :       0.00       0.00      0          0          0          0          0          0          0          0          0          0
  implics          :       0.00       0.00     12          0          0          0          0          0          0          0          0          0
  implint          :       0.00       0.00      0          0          0          0          0          0          0          0          0          0
  inttobinary      :       0.00       0.00     22          0         15         15          0          0          0          0          0          0
  milp             :       0.00       0.00      3          3          0          0          3          0          0          0          0          0
  qpkktref         :       0.00       0.00      0          0          0          0          0          0          0          0          0          0
  redvub           :       0.00       0.00      0          0          0          0          0          0          0          0          0          0
  sparsify         :       0.00       0.00      2          0          0          0          0          0          0          0          0          0
  stuffing         :       0.00       0.00      0          0          0          0          0          0          0          0          0          0
  trivial          :       0.00       0.00     22         64          0          0          0          0          0          0          0          0
  tworowbnd        :       0.00       0.00      0          0          0          0          0          0          0          0          0          0
  dualfix          :       0.00       0.00     22          0          0          0          0          0          0          0          0          0
  genvbounds       :       0.00       0.00      0          0          0          0          0          0          0          0          0          0
  probing          :       0.00       0.00      1          0          0          0          0          0          0          0          0          0
  pseudoobj        :       0.00       0.00     13          0          0          0          0          0          0          0          0          0
  symmetry         :       0.00       0.00      1          0          0          0          0          0          0          0          0          0
  vbounds          :       0.00       0.00      0          0          0          0          0          0          0          0          0          0
  varbound         :       0.00       0.00     16          0          0          0          1          0          0          0          0          0
  linear           :       0.00       0.00     31          0          1          0        116          0          3          0          4          7
  bounddisjunction :       0.00       0.00     19          0          0          0          0          0          0          0          0          0
  components       :       0.00       0.00      5          0          0          0          0          0          0          0          0          0
  root node        :          -          -      -         68          -          -        395          -          -          -          -          -
Constraints        :     Number  MaxNumber  #Separate #Propagate    #EnfoLP    #EnfoRelax  #EnfoPS    #Check   #ResProp    Cutoffs    DomReds       Cuts    Applied      Conss   Children
  integral         :          0          0          0          0         23          0          0        491          0          1         22          0          0          9         38
  varbound         :          3          3         16        542          0          0          0        369          0          0          0          0          0          0          0
  linear           :         55+        65         43        907          0          0          0        477         70         18        228          0          0          0          0
  bounddisjunction :         17+        26          0        348          0          0          0          0         19          3          0          0          0          0          0
  fixedvar         :          0          0          0          0          0          0          0        448          0          0          0          0          0          0          0
  countsols        :          0          0          0          0          0          0          0        448          0          0          0          0          0          0          0
  components       :          0          0          0          0          0          0          0          0          0          0          0          0          0          0          0
Constraint Timings :  TotalTime  SetupTime   Separate  Propagate     EnfoLP     EnfoPS     EnfoRelax   Check    ResProp    SB-Prop
  integral         :       0.01       0.00       0.00       0.00       0.01       0.00       0.00       0.00       0.00       0.00
  varbound         :       0.00       0.00       0.00       0.00       0.00       0.00       0.00       0.00       0.00       0.00
  linear           :       0.01       0.00       0.00       0.01       0.00       0.00       0.00       0.00       0.00       0.00
  bounddisjunction :       0.00       0.00       0.00       0.00       0.00       0.00       0.00       0.00       0.00       0.00
  fixedvar         :       0.00       0.00       0.00       0.00       0.00       0.00       0.00       0.00       0.00       0.00
  countsols        :       0.00       0.00       0.00       0.00       0.00       0.00       0.00       0.00       0.00       0.00
  components       :       0.00       0.00       0.00       0.00       0.00       0.00       0.00       0.00       0.00       0.00
Propagators        : #Propagate   #ResProp    Cutoffs    DomReds
  dualfix          :         12          0          0          0
  genvbounds       :          0          0          0          0
  nlobbt           :          0          0          0          0
  obbt             :          0          0          0          0
  probing          :          0          0          0          0
  pseudoobj        :        232          0          0         94
  redcost          :        139          0          0        404
  rootredcost      :          2          0          0          6
  symmetry         :          0          0          0          0
  vbounds          :        106          2          0          1
Propagator Timings :  TotalTime  SetupTime   Presolve  Propagate    ResProp    SB-Prop
  dualfix          :       0.00       0.00       0.00       0.00       0.00       0.00
  genvbounds       :       0.00       0.00       0.00       0.00       0.00       0.00
  nlobbt           :       0.00       0.00       0.00       0.00       0.00       0.00
  obbt             :       0.00       0.00       0.00       0.00       0.00       0.00
  probing          :       0.00       0.00       0.00       0.00       0.00       0.00
  pseudoobj        :       0.00       0.00       0.00       0.00       0.00       0.00
  redcost          :       0.00       0.00       0.00       0.00       0.00       0.00
  rootredcost      :       0.00       0.00       0.00       0.00       0.00       0.00
  symmetry         :       0.00       0.00       0.00       0.00       0.00       0.00
  vbounds          :       0.00       0.00       0.00       0.00       0.00       0.00
Conflict Analysis  :       Time      Calls    Success    DomReds  Conflicts   Literals    Reconvs ReconvLits   Dualrays   Nonzeros   LP Iters   (pool size: [10000,10000])
  propagation      :       0.00          3          3          -          4        3.8          0        0.0          -          -          -
  infeasible LP    :       0.00          0          0          -          0        0.0          0        0.0          0        0.0          0
  bound exceed. LP :       0.00         30         40          -         53        5.2          1        9.0         21        7.2         27
  strong branching :       0.00          0          0          -          0        0.0          0        0.0          -          -          0
  pseudo solution  :       0.00          0          0          -          0        0.0          0        0.0          -          -          -
  applied globally :       0.00          -          -         10         27        3.4          -          -         21          -          -
  applied locally  :          -          -          -          0          8        6.1          -          -          0          -          -
Gen. Resolution CA :       Time      Calls    Success  Conflicts  LargeCoef  LongConfs    Length
  propagation      :       0.00          0          0          0          0          0       0.0
Separators         :   ExecTime  SetupTime      Calls  RootCalls    Cutoffs    DomReds  FoundCuts ViaPoolAdd  DirectAdd    Applied ViaPoolApp  DirectApp      Conss
  cut pool         :       0.00          -         73         73          -          -        431        578          -          -          -          -          -    (maximal pool size:        165)
  aggregation      :       0.06       0.00         43         43          0          0          9         13          0          2          2          0          0
  > cmir           :          -          -          -          -          -          -          -         13          0          2          2          0          -
  > flowcover      :          -          -          -          -          -          -          -          0          0          0          0          0          -
  > knapsackcover  :          -          -          -          -          -          -          -          0          0          0          0          0          -
  cgmip            :       0.00       0.00          0          0          0          0          0          0          0          0          0          0          0
  clique           :       0.00       0.00         31         31          0          0          0          0          0          0          0          0          0
  closecuts        :       0.00       0.00          0          0          0          0          0          0          0          0          0          0          0
  convexproj       :       0.00       0.00          0          0          0          0          0          0          0          0          0          0          0
  disjunctive      :       0.00       0.00          0          0          0          0          0          0          0          0          0          0          0
  eccuts           :       0.00       0.00          0          0          0          0          0          0          0          0          0          0          0
  flower           :       0.00       0.00         51         43          0          0          0          0          0          0          0          0          0
  gauge            :       0.00       0.00          0          0          0          0          0          0          0          0          0          0          0
  gomory           :       0.02       0.00         35         35          0          0        418        560          0         42         42          0          0
  > gomorymi       :          -          -          -          -          -          -          -        436          0         37         37          0          -
  > strongcg       :          -          -          -          -          -          -          -        124          0          5          5          0          -
  impliedbounds    :       0.00       0.00         30         30          0          0          0          0          0          0          0          0          0
  interminor       :       0.00       0.00          0          0          0          0          0          0          0          0          0          0          0
  intobj           :       0.00       0.00          0          0          0          0          0          0          0          0          0          0          0
  lagromory        :       0.00       0.00          0          0          0          0          0          0          0          0          0          0          0
  mcf              :       0.00       0.00          5          5          0          0          0          0          0          0          0          0          0
  minor            :       0.00       0.00          0          0          0          0          0          0          0          0          0          0          0
  mixing           :       0.00       0.00         43         43          0          0          0          0          0          0          0          0          0
  oddcycle         :       0.00       0.00          0          0          0          0          0          0          0          0          0          0          0
  rapidlearning    :       0.00       0.00          0          0          0          0          0          0          0          0          0          0          0
  rlt              :       0.00       0.00         35         35          0          0          0          0          0          0          0          0          0
  zerohalf         :       0.00       0.00         43         43          0          0          4          5          0          1          1          0          0
Cutselectors       :   ExecTime  SetupTime      Calls  RootCalls   Selected     Forced   Filtered  RootSelec   RootForc   RootFilt 
  hybrid           :       0.00       0.00         38         38         45          0        533         45          0        533
  ensemble         :       0.00       0.00          0          0          0          0          0          0          0          0
  dynamic          :       0.00       0.00          0          0          0          0          0          0          0          0
Pricers            :   ExecTime  SetupTime      Calls       Vars
  problem variables:       0.00          -          0          0
Branching Rules    :   ExecTime  SetupTime   BranchLP  BranchExt   BranchPS    Cutoffs    DomReds       Cuts      Conss   Children
  allfullstrong    :       0.00       0.00          0          0          0          0          0          0          0          0
  cloud            :       0.00       0.00          0          0          0          0          0          0          0          0
  distribution     :       0.00       0.00          0          0          0          0          0          0          0          0
  fullstrong       :       0.00       0.00          0          0          0          0          0          0          0          0
  gomory           :       0.00       0.00          0          0          0          0          0          0          0          0
  inference        :       0.00       0.00          0          0          0          0          0          0          0          0
  leastinf         :       0.00       0.00          0          0          0          0          0          0          0          0
  lookahead        :       0.00       0.00          0          0          0          0          0          0          0          0
  mostinf          :       0.00       0.00          0          0          0          0          0          0          0          0
  multaggr         :       0.00       0.00          0          0          0          0          0          0          0          0
  nodereopt        :       0.00       0.00          0          0          0          0          0          0          0          0
  pscost           :       0.00       0.00          0          0          0          0          0          0          0          0
  random           :       0.00       0.00          0          0          0          0          0          0          0          0
  relpscost        :       0.01       0.00         23          0          0          1         22          0          9         38
  vanillafullstrong:       0.00       0.00          0          0          0          0          0          0          0          0
Primal Heuristics  :   ExecTime  SetupTime      Calls      Found       Best
  LP solutions     :       0.00          -          -          0          0
  relax solutions  :       0.00          -          -          0          0
  pseudo solutions :       0.00          -          -          0          0
  strong branching :       0.00          -          -         53          2
  actconsdiving    :       0.00       0.00          0          0          0
  adaptivediving   :       0.00       0.00          0          0          0
  alns             :       0.00       0.00          1          0          0
  bound            :       0.00       0.00          0          0          0
  clique           :       0.00       0.00          1          0          0
  coefdiving       :       0.00       0.00          0          0          0
  completesol      :       0.00       0.00          0          0          0
  conflictdiving   :       0.01       0.00          5          6          0
  crossover        :       0.00       0.00          0          0          0
  dins             :       0.00       0.00          0          0          0
  distributiondivin:       0.00       0.00          0          0          0
  dks              :       0.00       0.00          0          0          0
  dps              :       0.00       0.00          0          0          0
  dualval          :       0.00       0.00          0          0          0
  farkasdiving     :       0.01       0.00          5         28          0
  feaspump         :       0.00       0.00          0          0          0
  fixandinfer      :       0.00       0.00          0          0          0
  fracdiving       :       0.00       0.00          0          0          0
  gins             :       0.00       0.00          0          0          0
  guideddiving     :       0.00       0.00          0          0          0
  indicator        :       0.00       0.00          0          0          0
  indicatordiving  :       0.00       0.00          0          0          0
  intdiving        :       0.00       0.00          0          0          0
  intshifting      :       0.00       0.00          0          0          0
  linesearchdiving :       0.00       0.00          0          0          0
  localbranching   :       0.00       0.00          0          0          0
  locks            :       0.00       0.00          0          0          0
  lpface           :       0.00       0.00          0          0          0
  mpec             :       0.00       0.00          0          0          0
  multistart       :       0.00       0.00          0          0          0
  mutation         :       0.00       0.00          0          0          0
  nlpdiving        :       0.00       0.00          0          0          0
  objpscostdiving  :       0.00       0.00          0          0          0
  octane           :       0.00       0.00          0          0          0
  ofins            :       0.00       0.00          0          0          0
  oneopt           :       0.00       0.00          4          2          2
  padm             :       0.00       0.00          0          0          0
  proximity        :       0.00       0.00          0          0          0
  pscostdiving     :       0.00       0.00          1          0          0
  randrounding     :       0.01       0.00         43          6          0
  rens             :       0.02       0.00          5          0          0
  reoptsols        :       0.00       0.00          0          0          0
  repair           :       0.00       0.00          0          0          0
  rins             :       0.00       0.00          0          0          0
  rootsoldiving    :       0.00       0.00          0          0          0
  rounding         :       0.00       0.00         66          1          1
  scheduler        :       0.00       0.00          0          0          0
  shiftandpropagate:       0.00       0.00          0          0          0
  shifting         :       0.00       0.00         49         16          0
  simplerounding   :       0.00       0.00         66         45          1
  subnlp           :       0.00       0.00          0          0          0
  trivial          :       0.00       0.00         10          5          1
  trivialnegation  :       0.00       0.00          0          0          0
  trustregion      :       0.00       0.00          0          0          0
  trysol           :       0.00       0.00          0          0          0
  twoopt           :       0.00       0.00          0          0          0
  undercover       :       0.00       0.00          0          0          0
  vbounds          :       0.00       0.00          0          0          0
  veclendiving     :       0.00       0.00          0          0          0
  zeroobj          :       0.00       0.00          0          0          0
  zirounding       :       0.00       0.00         22         16          0
  other solutions  :          -          -          -          0          -
LNS (Scheduler)    :      Calls  SetupTime  SolveTime SolveNodes       Sols       Best       Exp3    Exp3-IX  EpsGreedy        UCB TgtFixRate  Opt  Inf Node Stal  Sol  Usr Othr Actv
  rens             :          0       0.00       0.00          0          0          0    0.00000    0.12500   -1.00000    1.00000      0.900    0    0    0    0    0    0    0    1
  rins             :          0       0.00       0.00          0          0          0    0.00000    0.12500   -1.00000    1.00000      0.900    0    0    0    0    0    0    0    1
  mutation         :          0       0.00       0.00          0          0          0    0.00000    0.12500   -1.00000    1.00000      0.900    0    0    0    0    0    0    0    1
  zeroobjective    :          0       0.00       0.00          0          0          0    0.00000    0.12500   -1.00000    1.00000      0.900    0    0    0    0    0    0    0    1
  crossover        :          0       0.00       0.00          0          0          0    0.00000    0.12500   -1.00000    1.00000      0.900    0    0    0    0    0    0    0    1
  localbranching   :          0       0.00       0.00          0          0          0    0.00000    0.12500   -1.00000    1.00000      0.900    0    0    0    0    0    0    0    1
  proximity        :          0       0.00       0.00          0          0          0    0.00000    0.12500   -1.00000    1.00000      0.900    0    0    0    0    0    0    0    1
  dins             :          0       0.00       0.00          0          0          0    0.00000    0.12500   -1.00000    1.00000      0.900    0    0    0    0    0    0    0    1
  trustregion      :          0       0.00       0.00          0          0          0    0.00000    0.00000   -1.00000    1.00000      0.900    0    0    0    0    0    0    0    0
LP                 :       Time      Calls Iterations  Iter/call   Iter/sec  Time-0-It Calls-0-It
  primal LP        :       0.00          2          0       0.00          -       0.00          2
  dual LP          :       0.01        108        493       6.85   42172.80       0.00         36
  lex dual LP      :       0.00          0          0       0.00          -
  barrier LP       :       0.00          0          0       0.00          -       0.00          0
  resolve instable :       0.00          0          0       0.00          -
  diving/probing LP:       0.01         68        187       2.75          -
  strong branching :       0.01         64        264       4.12          -          -          -          0
    (at root node) :          -         18         80       4.44          -
  conflict analysis:       0.00         13         27       2.08          -
Relaxators         :       Time      Calls    Cutoffs ImprBounds   ImprTime ReducedDom  Separated AddedConss
  benders          :       0.00          0          0          0       0.00          0          0          0
B&B Tree           :
  number of runs   :          5
  nodes            :         25 (18 internal, 7 leaves)
  feasible leaves  :          0
  infeas. leaves   :          0
  objective leaves :          7
  nodes (total)    :         29 (19 internal, 10 leaves)
  nodes left       :          0
  max depth        :          7
  max depth (total):          7
  backtracks       :          5 (20.0%)
  early backtracks :          0 (0.0%)
  nodes exc. ref.  :          0 (0.0%)
  delayed cutoffs  :          0
  repropagations   :          2 (0 domain reductions, 0 cutoffs)
  avg switch length:       2.48
  switching time   :       0.00
Root Node          :
  First LP value   : +8.98654142857143e+04
  First LP Iters   :         80 (145719.49 Iter/sec)
  First LP Time    :       0.00
  Final Dual Bound : +8.98475987883239e+04
  Final Root Iters :        430
  Root LP Estimate : +8.98474165165403e+04
Solution           :
  Solutions found  :        178 (7 improvements)
  First Solution   : +0.00000000000000e+00   (in run 1, after 0 nodes, 0.00 seconds, depth 0, found by <trivial>)
  Gap First Sol.   :   infinite
  Gap Last Sol.    :       0.00 %
  Primal Bound     : +8.98470000000000e+04   (in run 5, after 25 nodes, 0.19 seconds, depth 9, found by <relaxation>)
  Dual Bound       : +8.98470000000000e+04
  Gap              :       0.00 %
Integrals          :      Total       Avg%
  primal-dual      :       0.31       1.61
  primal-ref       :          -          - (not evaluated)
  dual-ref         :          -          - (not evaluated)
